<?xml version="1.0" encoding="UTF-8"?>
<!-- Generated by org.testng.reporters.JUnitXMLReporter -->
<testsuite hostname="Suvit-PC" ignored="0" name="Default test" tests="28" failures="0" timestamp="02 Apr 2019 11:17:07 GMT" time="392.906" errors="0">
  <testcase name="verifyHomepageTitle1" time="13.126" classname="Curr_Con.Currency"/>
  <testcase name="verifyHomepageTitle2" time="13.186" classname="Curr_Con.Currency"/>
  <testcase name="verifyHomepageTitle3" time="12.683" classname="Curr_Con.Currency"/>
  <testcase name="verifyHomepageTitle4" time="12.947" classname="Curr_Con.Currency"/>
  <testcase name="verifyHomepageTitle5" time="12.644" classname="Curr_Con.Currency"/>
  <testcase name="verifyHomepageTitle6" time="12.952" classname="Curr_Con.Currency"/>
  <testcase name="verifyHomepageTitle7" time="12.88" classname="Curr_Con.Currency"/>
  <testcase name="verifyHomepageTitle8" time="12.93" classname="Curr_Con.Currency"/>
  <testcase name="verifyHomepageTitle9" time="12.801" classname="Curr_Con.Currency"/>
  <testcase name="verifyHomepageTitle10" time="12.775" classname="Curr_Con.Currency"/>
  <testcase name="verifyHomepageTitle11" time="12.719" classname="Curr_Con.Currency"/>
  <testcase name="verifyHomepageTitle12" time="13.005" classname="Curr_Con.Currency"/>
  <testcase name="verifyHomepageTitle13" time="12.733" classname="Curr_Con.Currency"/>
  <testcase name="verifyHomepageTitle14" time="12.797" classname="Curr_Con.Currency"/>
  <testcase name="verifyHomepageTitle15" time="13.142" classname="Curr_Con.Currency"/>
  <testcase name="verifyHomepageTitle16" time="12.866" classname="Curr_Con.Currency"/>
  <testcase name="verifyHomepageTitle17" time="12.991" classname="Curr_Con.Currency"/>
  <testcase name="verifyHomepageTitle18" time="12.902" classname="Curr_Con.Currency"/>
  <testcase name="verifyHomepageTitle19" time="13.582" classname="Curr_Con.Currency"/>
  <testcase name="verifyHomepageTitle20" time="14.16" classname="Curr_Con.Currency"/>
  <testcase name="verifyHomepageTitle21" time="14.145" classname="Curr_Con.Currency"/>
  <testcase name="verifyHomepageTitle22" time="14.523" classname="Curr_Con.Currency"/>
  <testcase name="verifyHomepageTitle23" time="14.198" classname="Curr_Con.Currency"/>
  <testcase name="verifyHomepageTitle24" time="14.132" classname="Curr_Con.Currency"/>
  <testcase name="verifyHomepageTitle25" time="14.128" classname="Curr_Con.Currency"/>
  <testcase name="verifyHomepageTitle26" time="14.195" classname="Curr_Con.Currency"/>
  <testcase name="verifyHomepageTitle27" time="14.754" classname="Curr_Con.Currency"/>
  <testcase name="verifyHomepageTitle28" time="11.319" classname="Curr_Con.Currency"/>
</testsuite> <!-- Default test -->
